<?xml version="1.0" encoding="UTF-8"?>
<!-- Generated by org.testng.reporters.JUnitReportReporter -->
<testsuite skipped="0" hostname="DESKTOP-B6S492D" name="com.loans.tests.LoanVerificationTest" tests="1" failures="0" timestamp="26 Mar 2019 21:56:40 GMT" time="43.547" errors="0">
  <testcase name="submitLoanRequestForm" time="43.547" classname="com.loans.tests.LoanVerificationTest"/>
</testsuite> <!-- com.loans.tests.LoanVerificationTest -->
