<?xml version="1.0" encoding="UTF-8"?>
<!-- Generated by org.testng.reporters.JUnitReportReporter -->
<testsuite skipped="0" hostname="DESKTOP-B6S492D" name="com.loans.tests.LoanVerificationTest" tests="3" failures="0" timestamp="23 Mar 2019 08:03:11 GMT" time="27.903" errors="0">
  <testcase name="testCase3" time="0.009" classname="com.loans.tests.LoanVerificationTest"/>
  <testcase name="testCase2" time="0.008" classname="com.loans.tests.LoanVerificationTest"/>
  <testcase name="submitLoanRequestForm" time="27.886" classname="com.loans.tests.LoanVerificationTest"/>
</testsuite> <!-- com.loans.tests.LoanVerificationTest -->
